<?xml version="1.0" encoding="UTF-8"?>
<testng-results ignored="0" total="10" passed="10" failed="0" skipped="0">
  <reporter-output>
  </reporter-output>
  <suite started-at="2025-07-18T14:15:38 IST" name="Default suite" finished-at="2025-07-18T14:15:58 IST" duration-ms="20736">
    <groups>
    </groups>
    <test started-at="2025-07-18T14:15:38 IST" name="Default test" finished-at="2025-07-18T14:15:58 IST" duration-ms="20736">
      <class name="com.api.testing.AllTestCases">
        <test-method is-config="true" signature="setupSuite()[pri:0, instance:com.api.testing.AllTestCases@408d971b]" started-at="2025-07-18T14:15:37 IST" name="setupSuite" finished-at="2025-07-18T14:15:38 IST" duration-ms="673" status="PASS">
          <reporter-output>
          </reporter-output>
        </test-method> <!-- setupSuite -->
        <test-method signature="testAddUser()[pri:1, instance:com.api.testing.AllTestCases@408d971b]" started-at="2025-07-18T14:15:38 IST" name="testAddUser" finished-at="2025-07-18T14:15:42 IST" duration-ms="4250" status="PASS">
          <reporter-output>
          </reporter-output>
        </test-method> <!-- testAddUser -->
        <test-method signature="testGetProfile()[pri:2, instance:com.api.testing.AllTestCases@408d971b]" started-at="2025-07-18T14:15:42 IST" name="testGetProfile" finished-at="2025-07-18T14:15:44 IST" duration-ms="1705" status="PASS">
          <reporter-output>
          </reporter-output>
        </test-method> <!-- testGetProfile -->
        <test-method signature="testUpdateUser()[pri:3, instance:com.api.testing.AllTestCases@408d971b]" started-at="2025-07-18T14:15:44 IST" name="testUpdateUser" finished-at="2025-07-18T14:15:45 IST" duration-ms="1498" status="PASS">
          <reporter-output>
          </reporter-output>
        </test-method> <!-- testUpdateUser -->
        <test-method signature="testLoginUser()[pri:4, instance:com.api.testing.AllTestCases@408d971b]" started-at="2025-07-18T14:15:45 IST" name="testLoginUser" finished-at="2025-07-18T14:15:47 IST" duration-ms="2043" status="PASS">
          <reporter-output>
          </reporter-output>
        </test-method> <!-- testLoginUser -->
        <test-method signature="testAddContact()[pri:5, instance:com.api.testing.AllTestCases@408d971b]" started-at="2025-07-18T14:15:47 IST" name="testAddContact" finished-at="2025-07-18T14:15:49 IST" duration-ms="1858" status="PASS">
          <reporter-output>
          </reporter-output>
        </test-method> <!-- testAddContact -->
        <test-method signature="testGetContacts()[pri:6, instance:com.api.testing.AllTestCases@408d971b]" started-at="2025-07-18T14:15:49 IST" name="testGetContacts" finished-at="2025-07-18T14:15:51 IST" duration-ms="1803" status="PASS">
          <reporter-output>
          </reporter-output>
        </test-method> <!-- testGetContacts -->
        <test-method signature="testGetContactById()[pri:7, instance:com.api.testing.AllTestCases@408d971b]" started-at="2025-07-18T14:15:51 IST" name="testGetContactById" finished-at="2025-07-18T14:15:53 IST" duration-ms="1786" status="PASS">
          <reporter-output>
          </reporter-output>
        </test-method> <!-- testGetContactById -->
        <test-method signature="testUpdateContact()[pri:8, instance:com.api.testing.AllTestCases@408d971b]" started-at="2025-07-18T14:15:53 IST" name="testUpdateContact" finished-at="2025-07-18T14:15:54 IST" duration-ms="1843" status="PASS">
          <reporter-output>
          </reporter-output>
        </test-method> <!-- testUpdateContact -->
        <test-method signature="testPartialUpdateContact()[pri:9, instance:com.api.testing.AllTestCases@408d971b]" started-at="2025-07-18T14:15:54 IST" name="testPartialUpdateContact" finished-at="2025-07-18T14:15:56 IST" duration-ms="1943" status="PASS">
          <reporter-output>
          </reporter-output>
        </test-method> <!-- testPartialUpdateContact -->
        <test-method signature="testLogoutUser()[pri:10, instance:com.api.testing.AllTestCases@408d971b]" started-at="2025-07-18T14:15:56 IST" name="testLogoutUser" finished-at="2025-07-18T14:15:58 IST" duration-ms="1945" status="PASS">
          <reporter-output>
          </reporter-output>
        </test-method> <!-- testLogoutUser -->
        <test-method is-config="true" signature="tearDownSuite()[pri:0, instance:com.api.testing.AllTestCases@408d971b]" started-at="2025-07-18T14:15:58 IST" name="tearDownSuite" finished-at="2025-07-18T14:15:59 IST" duration-ms="294" status="PASS">
          <reporter-output>
          </reporter-output>
        </test-method> <!-- tearDownSuite -->
      </class> <!-- com.api.testing.AllTestCases -->
    </test> <!-- Default test -->
  </suite> <!-- Default suite -->
</testng-results>
